[11-Dec-2016 23:28:08 UTC] PHP Fatal error:  Uncaught Error: Call to undefined function dd() in /Applications/MAMP/htdocs/fairmount-co/wp-content/themes/croissant/index.php:91
Stack trace:
#0 /Applications/MAMP/htdocs/fairmount-co/wp-includes/template-loader.php(75): include()
#1 /Applications/MAMP/htdocs/fairmount-co/wp-blog-header.php(19): require_once('/Applications/M...')
#2 /Applications/MAMP/htdocs/fairmount-co/index.php(17): require('/Applications/M...')
#3 {main}
  thrown in /Applications/MAMP/htdocs/fairmount-co/wp-content/themes/croissant/index.php on line 91
[11-Dec-2016 23:28:29 UTC] PHP Fatal error:  Uncaught Error: Call to undefined function dd() in /Applications/MAMP/htdocs/fairmount-co/wp-content/themes/croissant/index.php:91
Stack trace:
#0 /Applications/MAMP/htdocs/fairmount-co/wp-includes/template-loader.php(75): include()
#1 /Applications/MAMP/htdocs/fairmount-co/wp-blog-header.php(19): require_once('/Applications/M...')
#2 /Applications/MAMP/htdocs/fairmount-co/index.php(17): require('/Applications/M...')
#3 {main}
  thrown in /Applications/MAMP/htdocs/fairmount-co/wp-content/themes/croissant/index.php on line 91
[11-Dec-2016 23:28:53 UTC] PHP Fatal error:  Uncaught Error: Call to undefined function dd() in /Applications/MAMP/htdocs/fairmount-co/wp-content/themes/croissant/index.php:91
Stack trace:
#0 /Applications/MAMP/htdocs/fairmount-co/wp-includes/template-loader.php(75): include()
#1 /Applications/MAMP/htdocs/fairmount-co/wp-blog-header.php(19): require_once('/Applications/M...')
#2 /Applications/MAMP/htdocs/fairmount-co/index.php(17): require('/Applications/M...')
#3 {main}
  thrown in /Applications/MAMP/htdocs/fairmount-co/wp-content/themes/croissant/index.php on line 91
[11-Dec-2016 23:29:56 UTC] PHP Parse error:  syntax error, unexpected 'echo' (T_ECHO), expecting ']' in /Applications/MAMP/htdocs/fairmount-co/wp-content/themes/croissant/index.php on line 91
